TN:
SF:src/app.ts
FN:10,(anonymous_0)
FN:16,(anonymous_1)
FN:17,(anonymous_2)
FN:32,(anonymous_3)
FN:33,(anonymous_4)
FNF:5
FNH:0
FNDA:0,(anonymous_0)
FNDA:0,(anonymous_1)
FNDA:0,(anonymous_2)
FNDA:0,(anonymous_3)
FNDA:0,(anonymous_4)
DA:11,0
DA:12,0
DA:13,0
DA:17,0
DA:18,0
DA:19,0
DA:20,0
DA:21,0
DA:24,0
DA:26,0
DA:27,0
DA:28,0
DA:29,0
DA:33,0
DA:40,0
LF:15
LH:0
BRF:0
BRH:0
end_of_record
TN:
SF:src/server.ts
FNF:0
FNH:0
DA:4,0
DA:6,0
LF:2
LH:0
BRDA:4,0,0,0
BRDA:4,0,1,0
BRF:2
BRH:0
end_of_record
TN:
SF:src/controller/leaderBoard.ts
FN:10,(anonymous_0)
FN:15,(anonymous_1)
FN:21,(anonymous_2)
FN:27,(anonymous_3)
FNF:4
FNH:0
FNDA:0,(anonymous_0)
FNDA:0,(anonymous_1)
FNDA:0,(anonymous_2)
FNDA:0,(anonymous_3)
DA:11,0
DA:12,0
DA:16,0
DA:18,0
DA:22,0
DA:24,0
DA:28,0
DA:29,0
DA:31,0
DA:33,0
LF:10
LH:0
BRF:0
BRH:0
end_of_record
TN:
SF:src/controller/match.ts
FN:7,(anonymous_0)
FN:11,(anonymous_1)
FN:27,(anonymous_2)
FN:33,(anonymous_3)
FN:41,(anonymous_4)
FNF:5
FNH:0
FNDA:0,(anonymous_0)
FNDA:0,(anonymous_1)
FNDA:0,(anonymous_2)
FNDA:0,(anonymous_3)
FNDA:0,(anonymous_4)
DA:8,0
DA:12,0
DA:14,0
DA:15,0
DA:17,0
DA:20,0
DA:22,0
DA:24,0
DA:28,0
DA:30,0
DA:34,0
DA:36,0
DA:38,0
DA:42,0
DA:43,0
DA:45,0
DA:47,0
LF:17
LH:0
BRDA:14,0,0,0
BRDA:14,0,1,0
BRF:2
BRH:0
end_of_record
TN:
SF:src/controller/team.ts
FN:7,(anonymous_0)
FN:11,(anonymous_1)
FN:17,(anonymous_2)
FNF:3
FNH:0
FNDA:0,(anonymous_0)
FNDA:0,(anonymous_1)
FNDA:0,(anonymous_2)
DA:8,0
DA:12,0
DA:14,0
DA:18,0
DA:20,0
DA:22,0
LF:6
LH:0
BRF:0
BRH:0
end_of_record
TN:
SF:src/controller/user.ts
FN:7,(anonymous_0)
FN:11,(anonymous_1)
FN:17,(anonymous_2)
FNF:3
FNH:0
FNDA:0,(anonymous_0)
FNDA:0,(anonymous_1)
FNDA:0,(anonymous_2)
DA:8,0
DA:12,0
DA:14,0
DA:18,0
DA:20,0
DA:22,0
LF:6
LH:0
BRF:0
BRH:0
end_of_record
TN:
SF:src/database/models/ExampleModel.ts
FNF:0
FNH:0
DA:9,0
LF:1
LH:0
BRF:0
BRH:0
end_of_record
TN:
SF:src/database/models/index.ts
FNF:0
FNH:0
LF:0
LH:0
BRF:0
BRH:0
end_of_record
TN:
SF:src/database/models/matches.ts
FNF:0
FNH:0
DA:20,0
DA:55,0
DA:56,0
LF:3
LH:0
BRF:0
BRH:0
end_of_record
TN:
SF:src/database/models/teams.ts
FNF:0
FNH:0
DA:11,0
LF:1
LH:0
BRF:0
BRH:0
end_of_record
TN:
SF:src/database/models/users.ts
FNF:0
FNH:0
DA:17,0
LF:1
LH:0
BRF:0
BRH:0
end_of_record
TN:
SF:src/helpers/jwtGenerator.ts
FN:10,(anonymous_0)
FNF:1
FNH:0
FNDA:0,(anonymous_0)
DA:4,0
DA:8,0
DA:10,0
LF:3
LH:0
BRDA:10,0,0,0
BRF:1
BRH:0
end_of_record
TN:
SF:src/interfaces/mapeando.ts
FNF:0
FNH:0
LF:0
LH:0
BRF:0
BRH:0
end_of_record
TN:
SF:src/interfaces/match.ts
FNF:0
FNH:0
LF:0
LH:0
BRF:0
BRH:0
end_of_record
TN:
SF:src/interfaces/team.ts
FNF:0
FNH:0
LF:0
LH:0
BRF:0
BRH:0
end_of_record
TN:
SF:src/interfaces/user.ts
FNF:0
FNH:0
LF:0
LH:0
BRF:0
BRH:0
end_of_record
TN:
SF:src/interfaces/winOrLose.ts
FNF:0
FNH:0
LF:0
LH:0
BRF:0
BRH:0
end_of_record
TN:
SF:src/joi/userSchema.ts
FNF:0
FNH:0
LF:0
LH:0
BRF:0
BRH:0
end_of_record
TN:
SF:src/middlerwares/auth.middleware.ts
FN:5,(anonymous_0)
FNF:1
FNH:0
FNDA:0,(anonymous_0)
DA:6,0
DA:7,0
DA:9,0
DA:11,0
DA:13,0
DA:15,0
DA:17,0
DA:19,0
LF:8
LH:0
BRDA:9,0,0,0
BRDA:9,0,1,0
BRF:2
BRH:0
end_of_record
TN:
SF:src/middlerwares/valid.ts
FN:4,(anonymous_0)
FN:4,(anonymous_1)
FNF:2
FNH:0
FNDA:0,(anonymous_0)
FNDA:0,(anonymous_1)
DA:4,0
DA:5,0
DA:7,0
DA:8,0
DA:9,0
DA:12,0
LF:6
LH:0
BRDA:7,0,0,0
BRDA:7,0,1,0
BRF:2
BRH:0
end_of_record
TN:
SF:src/router/leaderBoard.ts
FN:14,(anonymous_0)
FN:22,(anonymous_1)
FN:30,(anonymous_2)
FNF:3
FNH:0
FNDA:0,(anonymous_0)
FNDA:0,(anonymous_1)
FNDA:0,(anonymous_2)
DA:7,0
DA:9,0
DA:11,0
DA:15,0
DA:19,0
DA:23,0
DA:27,0
DA:31,0
LF:8
LH:0
BRF:0
BRH:0
end_of_record
TN:
SF:src/router/match.ts
FN:13,(anonymous_0)
FN:20,(anonymous_1)
FN:28,(anonymous_2)
FN:36,(anonymous_3)
FNF:4
FNH:0
FNDA:0,(anonymous_0)
FNDA:0,(anonymous_1)
FNDA:0,(anonymous_2)
FNDA:0,(anonymous_3)
DA:7,0
DA:9,0
DA:11,0
DA:14,0
DA:18,0
DA:21,0
DA:25,0
DA:29,0
DA:33,0
DA:37,0
LF:10
LH:0
BRF:0
BRH:0
end_of_record
TN:
SF:src/router/team.ts
FN:22,(anonymous_0)
FN:30,(anonymous_1)
FNF:2
FNH:0
FNDA:0,(anonymous_0)
FNDA:0,(anonymous_1)
DA:7,0
DA:9,0
DA:19,0
DA:23,0
DA:27,0
DA:31,0
LF:6
LH:0
BRF:0
BRH:0
end_of_record
TN:
SF:src/router/user.ts
FN:14,(anonymous_0)
FN:22,(anonymous_1)
FNF:2
FNH:0
FNDA:0,(anonymous_0)
FNDA:0,(anonymous_1)
DA:7,0
DA:9,0
DA:11,0
DA:15,0
DA:19,0
DA:23,0
LF:6
LH:0
BRF:0
BRH:0
end_of_record
TN:
SF:src/service/leaderBoardServiceAway.ts
FN:10,(anonymous_0)
FN:12,(anonymous_1)
FN:18,(anonymous_2)
FN:27,(anonymous_3)
FN:44,(anonymous_4)
FN:46,(anonymous_5)
FN:62,(anonymous_6)
FN:65,(anonymous_7)
FN:84,(anonymous_8)
FN:86,(anonymous_9)
FN:95,(anonymous_10)
FN:110,(anonymous_11)
FN:112,(anonymous_12)
FN:123,(anonymous_13)
FN:129,(anonymous_14)
FN:132,(anonymous_15)
FN:133,(anonymous_16)
FN:134,(anonymous_17)
FN:135,(anonymous_18)
FN:136,(anonymous_19)
FNF:20
FNH:0
FNDA:0,(anonymous_0)
FNDA:0,(anonymous_1)
FNDA:0,(anonymous_2)
FNDA:0,(anonymous_3)
FNDA:0,(anonymous_4)
FNDA:0,(anonymous_5)
FNDA:0,(anonymous_6)
FNDA:0,(anonymous_7)
FNDA:0,(anonymous_8)
FNDA:0,(anonymous_9)
FNDA:0,(anonymous_10)
FNDA:0,(anonymous_11)
FNDA:0,(anonymous_12)
FNDA:0,(anonymous_13)
FNDA:0,(anonymous_14)
FNDA:0,(anonymous_15)
FNDA:0,(anonymous_16)
FNDA:0,(anonymous_17)
FNDA:0,(anonymous_18)
FNDA:0,(anonymous_19)
DA:12,0
DA:13,0
DA:15,0
DA:18,0
DA:19,0
DA:20,0
DA:21,0
DA:22,0
DA:24,0
DA:27,0
DA:28,0
DA:33,0
DA:34,0
DA:35,0
DA:36,0
DA:38,0
DA:41,0
DA:44,0
DA:46,0
DA:47,0
DA:59,0
DA:62,0
DA:63,0
DA:64,0
DA:65,0
DA:66,0
DA:67,0
DA:68,0
DA:69,0
DA:70,0
DA:71,0
DA:72,0
DA:73,0
DA:74,0
DA:75,0
DA:76,0
DA:81,0
DA:84,0
DA:85,0
DA:86,0
DA:87,0
DA:88,0
DA:89,0
DA:91,0
DA:95,0
DA:96,0
DA:107,0
DA:111,0
DA:112,0
DA:113,0
DA:114,0
DA:115,0
DA:116,0
DA:117,0
DA:120,0
DA:124,0
DA:126,0
DA:130,0
DA:132,0
DA:133,0
DA:134,0
DA:135,0
DA:136,0
DA:138,0
LF:64
LH:0
BRDA:10,0,0,0
BRDA:10,1,0,0
BRDA:19,2,0,0
BRDA:19,2,1,0
BRDA:21,3,0,0
BRDA:21,3,1,0
BRDA:33,4,0,0
BRDA:33,4,1,0
BRDA:35,5,0,0
BRDA:35,5,1,0
BRDA:66,6,0,0
BRDA:66,6,1,0
BRF:12
BRH:0
end_of_record
TN:
SF:src/service/leaderBoardServiceHome.ts
FN:10,(anonymous_0)
FN:12,(anonymous_1)
FN:18,(anonymous_2)
FN:27,(anonymous_3)
FN:44,(anonymous_4)
FN:46,(anonymous_5)
FN:62,(anonymous_6)
FN:65,(anonymous_7)
FN:84,(anonymous_8)
FN:86,(anonymous_9)
FN:95,(anonymous_10)
FN:110,(anonymous_11)
FN:112,(anonymous_12)
FN:123,(anonymous_13)
FN:126,(anonymous_14)
FN:127,(anonymous_15)
FN:128,(anonymous_16)
FN:129,(anonymous_17)
FN:130,(anonymous_18)
FN:135,(anonymous_19)
FN:138,(anonymous_20)
FN:146,(anonymous_21)
FN:147,(anonymous_22)
FN:149,(anonymous_23)
FN:166,(anonymous_24)
FN:169,(anonymous_25)
FN:170,(anonymous_26)
FN:171,(anonymous_27)
FN:172,(anonymous_28)
FN:173,(anonymous_29)
FNF:30
FNH:0
FNDA:0,(anonymous_0)
FNDA:0,(anonymous_1)
FNDA:0,(anonymous_2)
FNDA:0,(anonymous_3)
FNDA:0,(anonymous_4)
FNDA:0,(anonymous_5)
FNDA:0,(anonymous_6)
FNDA:0,(anonymous_7)
FNDA:0,(anonymous_8)
FNDA:0,(anonymous_9)
FNDA:0,(anonymous_10)
FNDA:0,(anonymous_11)
FNDA:0,(anonymous_12)
FNDA:0,(anonymous_13)
FNDA:0,(anonymous_14)
FNDA:0,(anonymous_15)
FNDA:0,(anonymous_16)
FNDA:0,(anonymous_17)
FNDA:0,(anonymous_18)
FNDA:0,(anonymous_19)
FNDA:0,(anonymous_20)
FNDA:0,(anonymous_21)
FNDA:0,(anonymous_22)
FNDA:0,(anonymous_23)
FNDA:0,(anonymous_24)
FNDA:0,(anonymous_25)
FNDA:0,(anonymous_26)
FNDA:0,(anonymous_27)
FNDA:0,(anonymous_28)
FNDA:0,(anonymous_29)
DA:12,0
DA:13,0
DA:15,0
DA:18,0
DA:19,0
DA:20,0
DA:21,0
DA:22,0
DA:24,0
DA:27,0
DA:28,0
DA:33,0
DA:34,0
DA:35,0
DA:36,0
DA:38,0
DA:41,0
DA:44,0
DA:46,0
DA:47,0
DA:59,0
DA:62,0
DA:63,0
DA:64,0
DA:65,0
DA:66,0
DA:67,0
DA:68,0
DA:69,0
DA:70,0
DA:71,0
DA:72,0
DA:73,0
DA:74,0
DA:75,0
DA:76,0
DA:81,0
DA:84,0
DA:85,0
DA:86,0
DA:87,0
DA:88,0
DA:89,0
DA:91,0
DA:95,0
DA:96,0
DA:107,0
DA:111,0
DA:112,0
DA:113,0
DA:114,0
DA:115,0
DA:116,0
DA:117,0
DA:120,0
DA:124,0
DA:126,0
DA:127,0
DA:128,0
DA:129,0
DA:130,0
DA:132,0
DA:135,0
DA:136,0
DA:138,0
DA:139,0
DA:140,0
DA:143,0
DA:146,0
DA:147,0
DA:148,0
DA:149,0
DA:150,0
DA:151,0
DA:152,0
DA:153,0
DA:154,0
DA:155,0
DA:156,0
DA:157,0
DA:158,0
DA:161,0
DA:163,0
DA:166,0
DA:167,0
DA:169,0
DA:170,0
DA:171,0
DA:172,0
DA:173,0
DA:175,0
LF:91
LH:0
BRDA:10,0,0,0
BRDA:10,1,0,0
BRDA:19,2,0,0
BRDA:19,2,1,0
BRDA:21,3,0,0
BRDA:21,3,1,0
BRDA:33,4,0,0
BRDA:33,4,1,0
BRDA:35,5,0,0
BRDA:35,5,1,0
BRDA:66,6,0,0
BRDA:66,6,1,0
BRDA:150,7,0,0
BRDA:150,7,1,0
BRF:14
BRH:0
end_of_record
TN:
SF:src/service/matchService.ts
FN:6,(anonymous_0)
FN:8,(anonymous_1)
FN:18,(anonymous_2)
FN:28,(anonymous_3)
FN:47,(anonymous_4)
FN:53,(anonymous_5)
FNF:6
FNH:0
FNDA:0,(anonymous_0)
FNDA:0,(anonymous_1)
FNDA:0,(anonymous_2)
FNDA:0,(anonymous_3)
FNDA:0,(anonymous_4)
FNDA:0,(anonymous_5)
DA:9,0
DA:15,0
DA:19,0
DA:25,0
DA:29,0
DA:30,0
DA:32,0
DA:33,0
DA:36,0
DA:37,0
DA:41,0
DA:44,0
DA:48,0
DA:50,0
DA:54,0
DA:56,0
LF:16
LH:0
BRDA:6,0,0,0
BRDA:32,1,0,0
BRDA:32,1,1,0
BRDA:32,2,0,0
BRDA:32,2,1,0
BRDA:36,3,0,0
BRDA:36,3,1,0
BRF:7
BRH:0
end_of_record
TN:
SF:src/service/teamService.ts
FN:4,(anonymous_0)
FN:6,(anonymous_1)
FN:12,(anonymous_2)
FNF:3
FNH:0
FNDA:0,(anonymous_0)
FNDA:0,(anonymous_1)
FNDA:0,(anonymous_2)
DA:7,0
DA:9,0
DA:13,0
DA:15,0
LF:4
LH:0
BRDA:4,0,0,0
BRF:1
BRH:0
end_of_record
TN:
SF:src/service/userService.ts
FN:7,(anonymous_0)
FN:9,(anonymous_1)
FN:35,(anonymous_2)
FNF:3
FNH:0
FNDA:0,(anonymous_0)
FNDA:0,(anonymous_1)
FNDA:0,(anonymous_2)
DA:10,0
DA:12,0
DA:14,0
DA:16,0
DA:17,0
DA:19,0
DA:21,0
DA:28,0
DA:36,0
DA:37,0
LF:10
LH:0
BRDA:7,0,0,0
BRDA:12,1,0,0
BRDA:12,1,1,0
BRDA:16,2,0,0
BRDA:16,2,1,0
BRF:5
BRH:0
end_of_record
